This is pdfTeX, Version 3.14159265-2.6-1.40.20 (TeX Live 2019/W32TeX) (preloaded format=pdflatex 2019.9.2)  29 MAR 2020 17:41
entering extended mode
 restricted \write18 enabled.
 %&-line parsing enabled.
**Fourier_MCMC-Preprint.tex
(./Fourier_MCMC-Preprint.tex
LaTeX2e <2018-12-01>
(./elsarticle.cls
Document Class: elsarticle 2009/09/17, 1.20b: Elsevier Ltd
\@bls=\dimen102
(c:/texlive/2019/texmf-dist/tex/latex/base/article.cls
Document Class: article 2018/09/03 v1.4i Standard LaTeX document class
(c:/texlive/2019/texmf-dist/tex/latex/base/size10.clo
File: size10.clo 2018/09/03 v1.4i Standard LaTeX file (size option)
)
\c@part=\count80
\c@section=\count81
\c@subsection=\count82
\c@subsubsection=\count83
\c@paragraph=\count84
\c@subparagraph=\count85
\c@figure=\count86
\c@table=\count87
\abovecaptionskip=\skip41
\belowcaptionskip=\skip42
\bibindent=\dimen103
)
(c:/texlive/2019/texmf-dist/tex/latex/graphics/graphicx.sty
Package: graphicx 2017/06/01 v1.1a Enhanced LaTeX Graphics (DPC,SPQR)

(c:/texlive/2019/texmf-dist/tex/latex/graphics/keyval.sty
Package: keyval 2014/10/28 v1.15 key=value parser (DPC)
\KV@toks@=\toks14
)
(c:/texlive/2019/texmf-dist/tex/latex/graphics/graphics.sty
Package: graphics 2017/06/25 v1.2c Standard LaTeX Graphics (DPC,SPQR)

(c:/texlive/2019/texmf-dist/tex/latex/graphics/trig.sty
Package: trig 2016/01/03 v1.10 sin cos tan (DPC)
)
(c:/texlive/2019/texmf-dist/tex/latex/graphics-cfg/graphics.cfg
File: graphics.cfg 2016/06/04 v1.11 sample graphics configuration
)
Package graphics Info: Driver file: pdftex.def on input line 99.

(c:/texlive/2019/texmf-dist/tex/latex/graphics-def/pdftex.def
File: pdftex.def 2018/01/08 v1.0l Graphics/color driver for pdftex
))
\Gin@req@height=\dimen104
\Gin@req@width=\dimen105
)
(c:/texlive/2019/texmf-dist/tex/latex/psnfss/pifont.sty
Package: pifont 2005/04/12 PSNFSS-v9.2a Pi font support (SPQR) 
LaTeX Font Info:    Try loading font information for U+pzd on input line 63.

(c:/texlive/2019/texmf-dist/tex/latex/psnfss/upzd.fd
File: upzd.fd 2001/06/04 font definitions for U/pzd.
)
LaTeX Font Info:    Try loading font information for U+psy on input line 64.

(c:/texlive/2019/texmf-dist/tex/latex/psnfss/upsy.fd
File: upsy.fd 2001/06/04 font definitions for U/psy.
))
\c@tnote=\count88
\c@fnote=\count89
\c@cnote=\count90
\c@ead=\count91
\c@author=\count92
\@eadauthor=\toks15
\c@affn=\count93
\absbox=\box27
\keybox=\box28
\Columnwidth=\dimen106
\space@left=\dimen107
\els@boxa=\box29
\els@boxb=\box30
\leftMargin=\dimen108
\@enLab=\toks16
\@sep=\skip43
\@@sep=\skip44

(c:/texlive/2019/texmf-dist/tex/latex/natbib/natbib.sty
Package: natbib 2010/09/13 8.31b (PWD, AO)
\bibhang=\skip45
\bibsep=\skip46
LaTeX Info: Redefining \cite on input line 694.
\c@NAT@ctr=\count94
)
\splwrite=\write3
\openout3 = `Fourier_MCMC-Preprint.spl'.


(c:/texlive/2019/texmf-dist/tex/latex/geometry/geometry.sty
Package: geometry 2018/04/16 v5.8 Page Geometry

(c:/texlive/2019/texmf-dist/tex/generic/oberdiek/ifpdf.sty
Package: ifpdf 2018/09/07 v3.3 Provides the ifpdf switch
)
(c:/texlive/2019/texmf-dist/tex/generic/oberdiek/ifvtex.sty
Package: ifvtex 2016/05/16 v1.6 Detect VTeX and its facilities (HO)
Package ifvtex Info: VTeX not detected.
)
(c:/texlive/2019/texmf-dist/tex/generic/ifxetex/ifxetex.sty
Package: ifxetex 2010/09/12 v0.6 Provides ifxetex conditional
)
\Gm@cnth=\count95
\Gm@cntv=\count96
\c@Gm@tempcnt=\count97
\Gm@bindingoffset=\dimen109
\Gm@wd@mp=\dimen110
\Gm@odd@mp=\dimen111
\Gm@even@mp=\dimen112
\Gm@layoutwidth=\dimen113
\Gm@layoutheight=\dimen114
\Gm@layouthoffset=\dimen115
\Gm@layoutvoffset=\dimen116
\Gm@dimlist=\toks17
)
\appnamewidth=\dimen117
)
(c:/texlive/2019/texmf-dist/tex/latex/hyperref/hyperref.sty
Package: hyperref 2019/06/12 v6.88h Hypertext links for LaTeX

(c:/texlive/2019/texmf-dist/tex/generic/oberdiek/hobsub-hyperref.sty
Package: hobsub-hyperref 2016/05/16 v1.14 Bundle oberdiek, subset hyperref (HO)


(c:/texlive/2019/texmf-dist/tex/generic/oberdiek/hobsub-generic.sty
Package: hobsub-generic 2016/05/16 v1.14 Bundle oberdiek, subset generic (HO)
Package: hobsub 2016/05/16 v1.14 Construct package bundles (HO)
Package: infwarerr 2016/05/16 v1.4 Providing info/warning/error messages (HO)
Package: ltxcmds 2016/05/16 v1.23 LaTeX kernel commands for general use (HO)
Package: ifluatex 2016/05/16 v1.4 Provides the ifluatex switch (HO)
Package ifluatex Info: LuaTeX not detected.
Package hobsub Info: Skipping package `ifvtex' (already loaded).
Package: intcalc 2016/05/16 v1.2 Expandable calculations with integers (HO)
Package hobsub Info: Skipping package `ifpdf' (already loaded).
Package: etexcmds 2016/05/16 v1.6 Avoid name clashes with e-TeX commands (HO)
Package: kvsetkeys 2016/05/16 v1.17 Key value parser (HO)
Package: kvdefinekeys 2016/05/16 v1.4 Define keys (HO)
Package: pdftexcmds 2019/07/25 v0.30 Utility functions of pdfTeX for LuaTeX (HO
)
Package pdftexcmds Info: LuaTeX not detected.
Package pdftexcmds Info: \pdf@primitive is available.
Package pdftexcmds Info: \pdf@ifprimitive is available.
Package pdftexcmds Info: \pdfdraftmode found.
Package: pdfescape 2016/05/16 v1.14 Implements pdfTeX's escape features (HO)
Package: bigintcalc 2016/05/16 v1.4 Expandable calculations on big integers (HO
)
Package: bitset 2016/05/16 v1.2 Handle bit-vector datatype (HO)
Package: uniquecounter 2016/05/16 v1.3 Provide unlimited unique counter (HO)
)
Package hobsub Info: Skipping package `hobsub' (already loaded).
Package: letltxmacro 2016/05/16 v1.5 Let assignment for LaTeX macros (HO)
Package: hopatch 2016/05/16 v1.3 Wrapper for package hooks (HO)
Package: xcolor-patch 2016/05/16 xcolor patch
Package: atveryend 2016/05/16 v1.9 Hooks at the very end of document (HO)
Package atveryend Info: \enddocument detected (standard20110627).
Package: atbegshi 2016/06/09 v1.18 At begin shipout hook (HO)
Package: refcount 2016/05/16 v3.5 Data extraction from label references (HO)
Package: hycolor 2016/05/16 v1.8 Color options for hyperref/bookmark (HO)
)
(c:/texlive/2019/texmf-dist/tex/latex/oberdiek/auxhook.sty
Package: auxhook 2016/05/16 v1.4 Hooks for auxiliary files (HO)
)
(c:/texlive/2019/texmf-dist/tex/latex/oberdiek/kvoptions.sty
Package: kvoptions 2016/05/16 v3.12 Key value format for package options (HO)
)
\@linkdim=\dimen118
\Hy@linkcounter=\count98
\Hy@pagecounter=\count99

(c:/texlive/2019/texmf-dist/tex/latex/hyperref/pd1enc.def
File: pd1enc.def 2019/06/12 v6.88h Hyperref: PDFDocEncoding definition (HO)
Now handling font encoding PD1 ...
... no UTF-8 mapping file for font encoding PD1
)
\Hy@SavedSpaceFactor=\count100

(c:/texlive/2019/texmf-dist/tex/latex/latexconfig/hyperref.cfg
File: hyperref.cfg 2002/06/06 v1.2 hyperref configuration of TeXLive
)
Package hyperref Info: Hyper figures OFF on input line 4550.
Package hyperref Info: Link nesting OFF on input line 4555.
Package hyperref Info: Hyper index ON on input line 4558.
Package hyperref Info: Plain pages OFF on input line 4565.
Package hyperref Info: Backreferencing OFF on input line 4570.
Package hyperref Info: Implicit mode ON; LaTeX internals redefined.
Package hyperref Info: Bookmarks ON on input line 4803.
\c@Hy@tempcnt=\count101

(c:/texlive/2019/texmf-dist/tex/latex/url/url.sty
\Urlmuskip=\muskip10
Package: url 2013/09/16  ver 3.4  Verb mode for urls, etc.
)
LaTeX Info: Redefining \url on input line 5156.
\XeTeXLinkMargin=\dimen119
\Fld@menulength=\count102
\Field@Width=\dimen120
\Fld@charsize=\dimen121
Package hyperref Info: Hyper figures OFF on input line 6411.
Package hyperref Info: Link nesting OFF on input line 6416.
Package hyperref Info: Hyper index ON on input line 6419.
Package hyperref Info: backreferencing OFF on input line 6426.
Package hyperref Info: Link coloring OFF on input line 6431.
Package hyperref Info: Link coloring with OCG OFF on input line 6436.
Package hyperref Info: PDF/A mode OFF on input line 6441.
LaTeX Info: Redefining \ref on input line 6481.
LaTeX Info: Redefining \pageref on input line 6485.
\Hy@abspage=\count103
\c@Item=\count104
\c@Hfootnote=\count105
)
Package hyperref Info: Driver (autodetected): hpdftex.

(c:/texlive/2019/texmf-dist/tex/latex/hyperref/hpdftex.def
File: hpdftex.def 2019/06/12 v6.88h Hyperref driver for pdfTeX
\Fld@listcount=\count106
\c@bookmark@seq@number=\count107

(c:/texlive/2019/texmf-dist/tex/latex/oberdiek/rerunfilecheck.sty
Package: rerunfilecheck 2016/05/16 v1.8 Rerun checks for auxiliary files (HO)
Package uniquecounter Info: New unique counter `rerunfilecheck' on input line 2
82.
)
\Hy@SectionHShift=\skip47
)
(c:/texlive/2019/texmf-dist/tex/latex/amsmath/amsmath.sty
Package: amsmath 2018/12/01 v2.17b AMS math features
\@mathmargin=\skip48

For additional information on amsmath, use the `?' option.
(c:/texlive/2019/texmf-dist/tex/latex/amsmath/amstext.sty
Package: amstext 2000/06/29 v2.01 AMS text

(c:/texlive/2019/texmf-dist/tex/latex/amsmath/amsgen.sty
File: amsgen.sty 1999/11/30 v2.0 generic functions
\@emptytoks=\toks18
\ex@=\dimen122
))
(c:/texlive/2019/texmf-dist/tex/latex/amsmath/amsbsy.sty
Package: amsbsy 1999/11/29 v1.2d Bold Symbols
\pmbraise@=\dimen123
)
(c:/texlive/2019/texmf-dist/tex/latex/amsmath/amsopn.sty
Package: amsopn 2016/03/08 v2.02 operator names
)
\inf@bad=\count108
LaTeX Info: Redefining \frac on input line 223.
\uproot@=\count109
\leftroot@=\count110
LaTeX Info: Redefining \overline on input line 385.
\classnum@=\count111
\DOTSCASE@=\count112
LaTeX Info: Redefining \ldots on input line 482.
LaTeX Info: Redefining \dots on input line 485.
LaTeX Info: Redefining \cdots on input line 606.
\Mathstrutbox@=\box31
\strutbox@=\box32
\big@size=\dimen124
LaTeX Font Info:    Redeclaring font encoding OML on input line 729.
LaTeX Font Info:    Redeclaring font encoding OMS on input line 730.
\macc@depth=\count113
\c@MaxMatrixCols=\count114
\dotsspace@=\muskip11
\c@parentequation=\count115
\dspbrk@lvl=\count116
\tag@help=\toks19
\row@=\count117
\column@=\count118
\maxfields@=\count119
\andhelp@=\toks20
\eqnshift@=\dimen125
\alignsep@=\dimen126
\tagshift@=\dimen127
\tagwidth@=\dimen128
\totwidth@=\dimen129
\lineht@=\dimen130
\@envbody=\toks21
\multlinegap=\skip49
\multlinetaggap=\skip50
\mathdisplay@stack=\toks22
LaTeX Info: Redefining \[ on input line 2844.
LaTeX Info: Redefining \] on input line 2845.
)
(c:/texlive/2019/texmf-dist/tex/latex/amscls/amsthm.sty
Package: amsthm 2017/10/31 v2.20.4
\thm@style=\toks23
\thm@bodyfont=\toks24
\thm@headfont=\toks25
\thm@notefont=\toks26
\thm@headpunct=\toks27
\thm@preskip=\skip51
\thm@postskip=\skip52
\thm@headsep=\skip53
\dth@everypar=\toks28
LaTeX Info: Redefining \qed on input line 274.
)
(c:/texlive/2019/texmf-dist/tex/latex/amsfonts/amssymb.sty
Package: amssymb 2013/01/14 v3.01 AMS font symbols

(c:/texlive/2019/texmf-dist/tex/latex/amsfonts/amsfonts.sty
Package: amsfonts 2013/01/14 v3.01 Basic AMSFonts support
\symAMSa=\mathgroup4
\symAMSb=\mathgroup5
LaTeX Font Info:    Overwriting math alphabet `\mathfrak' in version `bold'
(Font)                  U/euf/m/n --> U/euf/b/n on input line 106.
))
(c:/texlive/2019/texmf-dist/tex/latex/cancel/cancel.sty
Package: cancel 2013/04/12 v2.2 Cancel math terms
)
(c:/texlive/2019/texmf-dist/tex/latex/doublestroke/dsfont.sty
Package: dsfont 1995/08/01 v0.1 Double stroke roman fonts
)
(c:/texlive/2019/texmf-dist/tex/latex/graphics/epsfig.sty
Package: epsfig 2017/06/25 v1.7b (e)psfig emulation (SPQR)
\epsfxsize=\dimen131
\epsfysize=\dimen132
)
(c:/texlive/2019/texmf-dist/tex/latex/setspace/setspace.sty
Package: setspace 2011/12/19 v6.7a set line spacing
)
(c:/texlive/2019/texmf-dist/tex/latex/comment/comment.sty
\CommentStream=\write4

Excluding comment 'comment')
(c:/texlive/2019/texmf-dist/tex/latex/framed/framed.sty
Package: framed 2011/10/22 v 0.96: framed or shaded text with page breaks
\OuterFrameSep=\skip54
\fb@frw=\dimen133
\fb@frh=\dimen134
\FrameRule=\dimen135
\FrameSep=\dimen136
)
(c:/texlive/2019/texmf-dist/tex/latex/multirow/multirow.sty
Package: multirow 2019/05/31 v2.5 Span multiple rows of a table
\multirow@colwidth=\skip55
\multirow@cntb=\count120
\multirow@dima=\skip56
\bigstrutjot=\dimen137
)
(c:/texlive/2019/texmf-dist/tex/latex/algorithm2e/algorithm2e.sty
Package: algorithm2e 2017/07/18 v5.2 algorithms environments
\c@AlgoLine=\count121

(c:/texlive/2019/texmf-dist/tex/latex/base/ifthen.sty
Package: ifthen 2014/09/29 v1.1c Standard LaTeX ifthen package (DPC)
)
\algocf@hangindent=\skip57

(c:/texlive/2019/texmf-dist/tex/latex/ifoddpage/ifoddpage.sty
Package: ifoddpage 2016/04/23 v1.1 Conditionals for odd/even page detection
\c@checkoddpage=\count122
)
(c:/texlive/2019/texmf-dist/tex/latex/tools/xspace.sty
Package: xspace 2014/10/28 v1.13 Space after command names (DPC,MH)
)
(c:/texlive/2019/texmf-dist/tex/latex/relsize/relsize.sty
Package: relsize 2013/03/29 ver 4.1
)
\skiptotal=\skip58
\skiplinenumber=\skip59
\skiprule=\skip60
\skiphlne=\skip61
\skiptext=\skip62
\skiplength=\skip63
\algomargin=\skip64
\skipalgocfslide=\skip65
\algowidth=\dimen138
\inoutsize=\dimen139
\inoutindent=\dimen140
\interspacetitleruled=\dimen141
\interspacealgoruled=\dimen142
\interspacetitleboxruled=\dimen143
\algocf@ruledwidth=\skip66
\algocf@inoutbox=\box33
\algocf@inputbox=\box34
\AlCapSkip=\skip67
\AlCapHSkip=\skip68
\algoskipindent=\skip69
\algocf@nlbox=\box35
\algocf@hangingbox=\box36
\algocf@untilbox=\box37
\algocf@skipuntil=\skip70
\algocf@capbox=\box38
\algocf@lcaptionbox=\skip71
\algoheightruledefault=\skip72
\algoheightrule=\skip73
\algotitleheightruledefault=\skip74
\algotitleheightrule=\skip75
\c@algocfline=\count123
\c@algocfproc=\count124
\c@algocf=\count125
\algocf@algoframe=\box39
\algocf@algobox=\box40
)
(c:/texlive/2019/texmf-dist/tex/latex/bbm-macros/bbm.sty
Package: bbm 1999/03/15 V 1.2 provides fonts for set symbols - TH
LaTeX Font Info:    Overwriting math alphabet `\mathbbm' in version `bold'
(Font)                  U/bbm/m/n --> U/bbm/bx/n on input line 33.
LaTeX Font Info:    Overwriting math alphabet `\mathbbmss' in version `bold'
(Font)                  U/bbmss/m/n --> U/bbmss/bx/n on input line 35.
)
(c:/texlive/2019/texmf-dist/tex/latex/lineno/lineno.sty
Package: lineno 2005/11/02 line numbers on paragraphs v4.41
\linenopenalty=\count126
\output=\toks29
\linenoprevgraf=\count127
\linenumbersep=\dimen144
\linenumberwidth=\dimen145
\c@linenumber=\count128
\c@pagewiselinenumber=\count129
\c@LN@truepage=\count130
\c@internallinenumber=\count131
\c@internallinenumbers=\count132
\quotelinenumbersep=\dimen146
\bframerule=\dimen147
\bframesep=\dimen148
\bframebox=\box41
LaTeX Info: Redefining \\ on input line 3056.
)
(c:/texlive/2019/texmf-dist/tex/latex/xcolor/xcolor.sty
Package: xcolor 2016/05/11 v2.12 LaTeX color extensions (UK)

(c:/texlive/2019/texmf-dist/tex/latex/graphics-cfg/color.cfg
File: color.cfg 2016/01/02 v1.6 sample color configuration
)
Package xcolor Info: Driver file: pdftex.def on input line 225.
Package xcolor Info: Model `cmy' substituted by `cmy0' on input line 1348.
Package xcolor Info: Model `hsb' substituted by `rgb' on input line 1352.
Package xcolor Info: Model `RGB' extended on input line 1364.
Package xcolor Info: Model `HTML' substituted by `rgb' on input line 1366.
Package xcolor Info: Model `Hsb' substituted by `hsb' on input line 1367.
Package xcolor Info: Model `tHsb' substituted by `hsb' on input line 1368.
Package xcolor Info: Model `HSB' substituted by `hsb' on input line 1369.
Package xcolor Info: Model `Gray' substituted by `gray' on input line 1370.
Package xcolor Info: Model `wave' substituted by `hsb' on input line 1371.

(c:/texlive/2019/texmf-dist/tex/latex/graphics/dvipsnam.def
File: dvipsnam.def 2016/06/17 v3.0m Driver-dependent file (DPC,SPQR)
))
\c@AlgoSavedLineCount=\count133
\c@theorem=\count134
\c@lemma=\count135
\c@proposition=\count136
\c@corollary=\count137
\c@remark=\count138
\c@example=\count139
\c@definition=\count140

No file Fourier_MCMC-Preprint.aux.
\openout1 = `Fourier_MCMC-Preprint.aux'.

LaTeX Font Info:    Checking defaults for OML/cmm/m/it on input line 182.
LaTeX Font Info:    ... okay on input line 182.
LaTeX Font Info:    Checking defaults for T1/cmr/m/n on input line 182.
LaTeX Font Info:    ... okay on input line 182.
LaTeX Font Info:    Checking defaults for OT1/cmr/m/n on input line 182.
LaTeX Font Info:    ... okay on input line 182.
LaTeX Font Info:    Checking defaults for OMS/cmsy/m/n on input line 182.
LaTeX Font Info:    ... okay on input line 182.
LaTeX Font Info:    Checking defaults for OMX/cmex/m/n on input line 182.
LaTeX Font Info:    ... okay on input line 182.
LaTeX Font Info:    Checking defaults for U/cmr/m/n on input line 182.
LaTeX Font Info:    ... okay on input line 182.
LaTeX Font Info:    Checking defaults for PD1/pdf/m/n on input line 182.
LaTeX Font Info:    ... okay on input line 182.
(c:/texlive/2019/texmf-dist/tex/context/base/mkii/supp-pdf.mkii
[Loading MPS to PDF converter (version 2006.09.02).]
\scratchcounter=\count141
\scratchdimen=\dimen149
\scratchbox=\box42
\nofMPsegments=\count142
\nofMParguments=\count143
\everyMPshowfont=\toks30
\MPscratchCnt=\count144
\MPscratchDim=\dimen150
\MPnumerator=\count145
\makeMPintoPDFobject=\count146
\everyMPtoPDFconversion=\toks31
) (c:/texlive/2019/texmf-dist/tex/latex/oberdiek/epstopdf-base.sty
Package: epstopdf-base 2016/05/15 v2.6 Base part for package epstopdf

(c:/texlive/2019/texmf-dist/tex/latex/oberdiek/grfext.sty
Package: grfext 2016/05/16 v1.2 Manage graphics extensions (HO)
)
Package epstopdf-base Info: Redefining graphics rule for `.eps' on input line 4
38.
Package grfext Info: Graphics extension search list:
(grfext)             [.pdf,.png,.jpg,.mps,.jpeg,.jbig2,.jb2,.PDF,.PNG,.JPG,.JPE
G,.JBIG2,.JB2,.eps]
(grfext)             \AppendGraphicsExtensions on input line 456.

(c:/texlive/2019/texmf-dist/tex/latex/latexconfig/epstopdf-sys.cfg
File: epstopdf-sys.cfg 2010/07/13 v1.3 Configuration of (r)epstopdf for TeX Liv
e
))
*geometry* driver: auto-detecting
*geometry* detected driver: pdftex
*geometry* verbose mode - [ preamble ] result:
* driver: pdftex
* paper: custom
* layout: <same size as paper>
* layoutoffset:(h,v)=(0.0pt,0.0pt)
* hratio: 1:1
* vratio: 1:1
* modes: 
* h-part:(L,W,R)=(64.75394pt, 468.0pt, 64.75394pt)
* v-part:(T,H,B)=(111.52342pt, 622.0pt, 111.52342pt)
* \paperwidth=597.50787pt
* \paperheight=845.04684pt
* \textwidth=468.0pt
* \textheight=622.0pt
* \oddsidemargin=-7.51605pt
* \evensidemargin=-7.51605pt
* \topmargin=-22.74657pt
* \headheight=50.0pt
* \headsep=12.0pt
* \topskip=10.0pt
* \footskip=18.0pt
* \marginparwidth=65.0pt
* \marginparsep=11.0pt
* \columnsep=24.0pt
* \skip\footins=24.0pt plus 2.0pt minus 12.0pt
* \hoffset=0.0pt
* \voffset=0.0pt
* \mag=1000
* \@twocolumnfalse
* \@twosidefalse
* \@mparswitchfalse
* \@reversemarginfalse
* (1in=72.27pt=25.4mm, 1cm=28.453pt)

\AtBeginShipoutBox=\box43
Package hyperref Info: Link coloring OFF on input line 182.
(c:/texlive/2019/texmf-dist/tex/latex/hyperref/nameref.sty
Package: nameref 2016/05/21 v2.44 Cross-referencing by name of section

(c:/texlive/2019/texmf-dist/tex/generic/oberdiek/gettitlestring.sty
Package: gettitlestring 2016/05/16 v1.5 Cleanup title references (HO)
)
\c@section@level=\count147
)
LaTeX Info: Redefining \ref on input line 182.
LaTeX Info: Redefining \pageref on input line 182.
LaTeX Info: Redefining \nameref on input line 182.

(./Fourier_MCMC-Preprint.out) (./Fourier_MCMC-Preprint.out)
\@outlinefile=\write5
\openout5 = `Fourier_MCMC-Preprint.out'.

LaTeX Font Info:    Try loading font information for U+msa on input line 230.

(c:/texlive/2019/texmf-dist/tex/latex/amsfonts/umsa.fd
File: umsa.fd 2013/01/14 v3.01 AMS symbols A
)
LaTeX Font Info:    Try loading font information for U+msb on input line 230.

(c:/texlive/2019/texmf-dist/tex/latex/amsfonts/umsb.fd
File: umsb.fd 2013/01/14 v3.01 AMS symbols B
)

Package natbib Warning: Citation `MR2933059' on page 1 undefined on input line 
234.


Package natbib Warning: Citation `MR2238833' on page 1 undefined on input line 
234.


Package natbib Warning: Citation `MR2260716' on page 1 undefined on input line 
234.


Package natbib Warning: Citation `tankov2003financial' on page 1 undefined on i
nput line 234.


Package natbib Warning: Citation `nolan2013' on page 1 undefined on input line 
234.


Package natbib Warning: Citation `BCGMR' on page 1 undefined on input line 234.



Package natbib Warning: Citation `MR2752708' on page 1 undefined on input line 
239.

[1

{c:/texlive/2019/texmf-var/fonts/map/pdftex/updmap/pdftex.map}]

LaTeX Warning: Reference `general' on page 2 undefined on input line 243.


LaTeX Warning: Reference `sec:alg' on page 2 undefined on input line 244.


LaTeX Warning: Reference `sec:ergodicity' on page 2 undefined on input line 244
.


LaTeX Warning: Reference `sec:examples' on page 2 undefined on input line 244.


LaTeX Warning: Reference `sec:ergodicity' on page 2 undefined on input line 244
.


LaTeX Warning: Reference `sec:num' on page 2 undefined on input line 244.


LaTeX Warning: Reference `sec:disc' on page 2 undefined on input line 244.

[2]

LaTeX Warning: Reference `imp_sample' on page 3 undefined on input line 299.


Package natbib Warning: Citation `BCGMR' on page 3 undefined on input line 301.



LaTeX Warning: Reference `imp_sample' on page 3 undefined on input line 307.


Package natbib Warning: Citation `brosse2018normalizing' on page 3 undefined on
 input line 312.


LaTeX Warning: Reference `imp_sample' on page 3 undefined on input line 313.


LaTeX Warning: Reference `imp_sample' on page 3 undefined on input line 324.


Package natbib Warning: Citation `metropolis1953equation' on page 3 undefined o
n input line 341.


Package natbib Warning: Citation `h70' on page 3 undefined on input line 341.


LaTeX Warning: Reference `alg:MH' on page 3 undefined on input line 347.

[3]

Package natbib Warning: Citation `metropolis1953equation' on page 4 undefined o
n input line 379.


LaTeX Warning: Reference `alg:MALA' on page 4 undefined on input line 388.


Package natbib Warning: Citation `metropolis1953equation' on page 4 undefined o
n input line 411.

[4]

Package natbib Warning: Citation `ibragimovlinnik1971' on page 5 undefined on i
nput line 431.


Package natbib Warning: Citation `tierney1994' on page 5 undefined on input lin
e 431.


Package natbib Warning: Citation `jones2004' on page 5 undefined on input line 
431.


Package natbib Warning: Citation `dedecker2015' on page 5 undefined on input li
ne 432.


Package natbib Warning: Citation `wintenberger2017' on page 5 undefined on inpu
t line 432.


Package natbib Warning: Citation `havert2019' on page 5 undefined on input line
 432.


LaTeX Warning: Reference `eq:29032018a2' on page 5 undefined on input line 435.



Package natbib Warning: Citation `meyntweedie1993' on page 5 undefined on input
 line 441.


Package natbib Warning: Citation `tierney1994' on page 5 undefined on input lin
e 441.


Package natbib Warning: Citation `robertstweedie1996' on page 5 undefined on in
put line 441.


Package natbib Warning: Citation `mengersetweedie1996' on page 5 undefined on i
nput line 441.


Package natbib Warning: Citation `jarnerhansen2000' on page 5 undefined on inpu
t line 441.


Package natbib Warning: Citation `jarnertweedie2003' on page 5 undefined on inp
ut line 441.


Package natbib Warning: Citation `jarnerhansen2000' on page 5 undefined on inpu
t line 470.


Package natbib Warning: Citation `robertstweedie1996' on page 5 undefined on in
put line 475.


Package natbib Warning: Citation `ad17' on page 5 undefined on input line 475.


Package natbib Warning: Citation `dm17' on page 5 undefined on input line 475.


Package natbib Warning: Citation `brosse2018diffusion' on page 5 undefined on i
nput line 475.

[5]

Package natbib Warning: Citation `robertstweedie1996' on page 6 undefined on in
put line 501.


Package natbib Warning: Citation `brosse2018diffusion' on page 6 undefined on i
nput line 502.


LaTeX Warning: Reference `MHRW' on page 6 undefined on input line 518.


Package natbib Warning: Citation `nolan2018' on page 6 undefined on input line 
538.


LaTeX Warning: Reference `MHRW' on page 6 undefined on input line 539.


LaTeX Warning: Reference `MHRW' on page 6 undefined on input line 541.

[6]

Package natbib Warning: Citation `sato1999' on page 7 undefined on input line 5
95.


LaTeX Warning: Reference `MHRW' on page 7 undefined on input line 597.


LaTeX Warning: Reference `MHRW' on page 7 undefined on input line 610.


LaTeX Warning: Reference `eq:cond-nu-ge2' on page 7 undefined on input line 612
.


LaTeX Warning: Reference `eq:cond-nu-ge1' on page 7 undefined on input line 622
.


LaTeX Warning: Reference `eq:cond-nu-ge2' on page 7 undefined on input line 622
.


LaTeX Warning: Reference `eq:cond-nu-ge3' on page 7 undefined on input line 622
.

[7]
LaTeX Font Info:    Try loading font information for U+dsrom on input line 654.

 (c:/texlive/2019/texmf-dist/tex/latex/doublestroke/Udsrom.fd
File: Udsrom.fd 1995/08/01 v0.1 Double stroke roman font definitions
)

LaTeX Warning: Reference `eq:cond-nu-ge2' on page 8 undefined on input line 677
.


LaTeX Warning: Reference `prop:mala-erg' on page 8 undefined on input line 709.



LaTeX Warning: Reference `prop:mala-erg' on page 8 undefined on input line 710.


[8]

Package natbib Warning: Citation `nolan2013' on page 9 undefined on input line 
766.


LaTeX Warning: Reference `imp_sample' on page 9 undefined on input line 767.


LaTeX Warning: Reference `fig:mc1' on page 9 undefined on input line 780.


LaTeX Warning: Reference `fig:mc2' on page 9 undefined on input line 780.

<d5a10_MC.png, id=139, 1622.06pt x 1760.5775pt>
File: d5a10_MC.png Graphic file (type png)
<use d5a10_MC.png>
Package pdftex.def Info: d5a10_MC.png  used on input line 786.
(pdftex.def)             Requested size: 91.7276pt x 99.55878pt.
<d5a12_MC.png, id=141, 1622.06pt x 1760.5775pt>
File: d5a12_MC.png Graphic file (type png)
<use d5a12_MC.png>
Package pdftex.def Info: d5a12_MC.png  used on input line 787.
(pdftex.def)             Requested size: 91.7276pt x 99.55878pt.
<d5a14_MC.png, id=142, 1622.06pt x 1760.5775pt>
File: d5a14_MC.png Graphic file (type png)
<use d5a14_MC.png>
Package pdftex.def Info: d5a14_MC.png  used on input line 788.
(pdftex.def)             Requested size: 91.7276pt x 99.55878pt.
<d5a16_MC.png, id=143, 1622.06pt x 1760.5775pt>
File: d5a16_MC.png Graphic file (type png)
<use d5a16_MC.png>
Package pdftex.def Info: d5a16_MC.png  used on input line 789.
(pdftex.def)             Requested size: 91.7276pt x 99.55878pt.
<d5a18_MC.png, id=144, 1622.06pt x 1760.5775pt>
File: d5a18_MC.png Graphic file (type png)
<use d5a18_MC.png>
Package pdftex.def Info: d5a18_MC.png  used on input line 790.
(pdftex.def)             Requested size: 91.7276pt x 99.55878pt.
<d10a10_MC.png, id=145, 1622.06pt x 1760.5775pt>
File: d10a10_MC.png Graphic file (type png)
<use d10a10_MC.png>
Package pdftex.def Info: d10a10_MC.png  used on input line 798.
(pdftex.def)             Requested size: 91.7276pt x 99.55878pt.
<d10a12_MC.png, id=146, 1622.06pt x 1760.5775pt>
File: d10a12_MC.png Graphic file (type png)
<use d10a12_MC.png>
Package pdftex.def Info: d10a12_MC.png  used on input line 799.
(pdftex.def)             Requested size: 91.7276pt x 99.55878pt.
<d10a14_MC.png, id=147, 1622.06pt x 1760.5775pt>
File: d10a14_MC.png Graphic file (type png)
<use d10a14_MC.png>
Package pdftex.def Info: d10a14_MC.png  used on input line 800.
(pdftex.def)             Requested size: 91.7276pt x 99.55878pt.
<d10a16_MC.png, id=148, 1622.06pt x 1760.5775pt>
File: d10a16_MC.png Graphic file (type png)
<use d10a16_MC.png>
Package pdftex.def Info: d10a16_MC.png  used on input line 801.
(pdftex.def)             Requested size: 91.7276pt x 99.55878pt.
<d10a18_MC.png, id=149, 1622.06pt x 1760.5775pt>
File: d10a18_MC.png Graphic file (type png)
<use d10a18_MC.png>
Package pdftex.def Info: d10a18_MC.png  used on input line 802.
(pdftex.def)             Requested size: 91.7276pt x 99.55878pt.
[9]

LaTeX Warning: Reference `num:gfunc' on page 10 undefined on input line 821.


LaTeX Warning: Reference `imp_sample' on page 10 undefined on input line 826.


LaTeX Warning: Reference `fig:mcmc1' on page 10 undefined on input line 841.

<d5_MCMC_relative.png, id=155, 1793.70125pt x 1760.5775pt>
File: d5_MCMC_relative.png Graphic file (type png)
<use d5_MCMC_relative.png>
Package pdftex.def Info: d5_MCMC_relative.png  used on input line 846.
(pdftex.def)             Requested size: 154.44086pt x 151.5679pt.
<d10_MCMC_relative.png, id=156, 1793.70125pt x 1760.5775pt>
File: d10_MCMC_relative.png Graphic file (type png)
<use d10_MCMC_relative.png>
Package pdftex.def Info: d10_MCMC_relative.png  used on input line 847.
(pdftex.def)             Requested size: 154.44086pt x 151.5679pt.
<d15_MCMC_relative.png, id=157, 1793.70125pt x 1760.5775pt>
File: d15_MCMC_relative.png Graphic file (type png)
<use d15_MCMC_relative.png>
Package pdftex.def Info: d15_MCMC_relative.png  used on input line 848.
(pdftex.def)             Requested size: 154.44086pt x 151.5679pt.
[10 <./d5a10_MC.png> <./d5a12_MC.png> <./d5a14_MC.png> <./d5a16_MC.png> <./d5a1
8_MC.png> <./d10a10_MC.png> <./d10a12_MC.png> <./d10a14_MC.png> <./d10a16_MC.pn
g> <./d10a18_MC.png>]

Package natbib Warning: Citation `belomestny16' on page 11 undefined on input l
ine 855.


Package natbib Warning: Citation `cgmy2002' on page 11 undefined on input line 
860.


Package natbib Warning: Citation `belomestny16' on page 11 undefined on input l
ine 892.

[11 <./d5_MCMC_relative.png> <./d10_MCMC_relative.png> <./d15_MCMC_relative.png
>]

Package natbib Warning: Citation `egp10' on page 12 undefined on input line 909
.


LaTeX Warning: Reference `fig:is1' on page 12 undefined on input line 917.

<d2.png, id=187, 1835.85875pt x 1780.6525pt>
File: d2.png Graphic file (type png)
<use d2.png>
Package pdftex.def Info: d2.png  used on input line 920.
(pdftex.def)             Requested size: 114.65771pt x 111.20898pt.
<d4.png, id=188, 1835.85875pt x 1780.6525pt>
File: d4.png Graphic file (type png)
<use d4.png>
Package pdftex.def Info: d4.png  used on input line 921.
(pdftex.def)             Requested size: 114.65771pt x 111.20898pt.
<d6.png, id=189, 1835.85875pt x 1780.6525pt>
File: d6.png Graphic file (type png)
<use d6.png>
Package pdftex.def Info: d6.png  used on input line 922.
(pdftex.def)             Requested size: 114.65771pt x 111.20898pt.
<d8.png, id=190, 1835.85875pt x 1780.6525pt>
File: d8.png Graphic file (type png)
<use d8.png>
Package pdftex.def Info: d8.png  used on input line 923.
(pdftex.def)             Requested size: 114.65771pt x 111.20898pt.
(./Fourier_MCMC-Preprint.bbl [12 <./d2.png> <./d4.png> <./d6.png> <./d8.png>])

Package natbib Warning: There were undefined citations.

Package atveryend Info: Empty hook `BeforeClearDocument' on input line 971.
[13]
Package atveryend Info: Empty hook `AfterLastShipout' on input line 971.
 (./Fourier_MCMC-Preprint.aux

Package natbib Warning: Citation(s) may have changed.
(natbib)                Rerun to get citations correct.

)
Package atveryend Info: Executing hook `AtVeryEndDocument' on input line 971.
Package atveryend Info: Executing hook `AtEndAfterFileList' on input line 971.
Package rerunfilecheck Info: File `Fourier_MCMC-Preprint.out' has not changed.
(rerunfilecheck)             Checksum: 00ED30ADE88F6E0FC6D6C82FEEDD64CA;1129.


LaTeX Warning: There were undefined references.


LaTeX Warning: Label(s) may have changed. Rerun to get cross-references right.

Package atveryend Info: Empty hook `AtVeryVeryEnd' on input line 971.
 ) 
Here is how much of TeX's memory you used:
 9366 strings out of 492609
 132845 string characters out of 6132819
 257471 words of memory out of 5000000
 13033 multiletter control sequences out of 15000+600000
 15240 words of font info for 60 fonts, out of 8000000 for 9000
 1141 hyphenation exceptions out of 8191
 32i,14n,35p,1200b,530s stack positions out of 5000i,500n,10000p,200000b,80000s
<c:/texlive/2019/texmf-dist/fonts/type1/public/amsfonts/cm/cmbx10.pfb><c:/tex
live/2019/texmf-dist/fonts/type1/public/amsfonts/cm/cmex10.pfb><c:/texlive/2019
/texmf-dist/fonts/type1/public/amsfonts/cmextra/cmex7.pfb><c:/texlive/2019/texm
f-dist/fonts/type1/public/amsfonts/cm/cmmi10.pfb><c:/texlive/2019/texmf-dist/fo
nts/type1/public/amsfonts/cm/cmmi5.pfb><c:/texlive/2019/texmf-dist/fonts/type1/
public/amsfonts/cm/cmmi6.pfb><c:/texlive/2019/texmf-dist/fonts/type1/public/ams
fonts/cm/cmmi7.pfb><c:/texlive/2019/texmf-dist/fonts/type1/public/amsfonts/cm/c
mmi8.pfb><c:/texlive/2019/texmf-dist/fonts/type1/public/amsfonts/cm/cmr10.pfb><
c:/texlive/2019/texmf-dist/fonts/type1/public/amsfonts/cm/cmr12.pfb><c:/texlive
/2019/texmf-dist/fonts/type1/public/amsfonts/cm/cmr5.pfb><c:/texlive/2019/texmf
-dist/fonts/type1/public/amsfonts/cm/cmr7.pfb><c:/texlive/2019/texmf-dist/fonts
/type1/public/amsfonts/cm/cmr8.pfb><c:/texlive/2019/texmf-dist/fonts/type1/publ
ic/amsfonts/cm/cmss10.pfb><c:/texlive/2019/texmf-dist/fonts/type1/public/amsfon
ts/cm/cmss8.pfb><c:/texlive/2019/texmf-dist/fonts/type1/public/amsfonts/cm/cmsy
10.pfb><c:/texlive/2019/texmf-dist/fonts/type1/public/amsfonts/cm/cmsy5.pfb><c:
/texlive/2019/texmf-dist/fonts/type1/public/amsfonts/cm/cmsy7.pfb><c:/texlive/2
019/texmf-dist/fonts/type1/public/amsfonts/cm/cmti10.pfb><c:/texlive/2019/texmf
-dist/fonts/type1/public/amsfonts/cm/cmti7.pfb><c:/texlive/2019/texmf-dist/font
s/type1/public/amsfonts/cm/cmti8.pfb><c:/texlive/2019/texmf-dist/fonts/type1/pu
blic/amsfonts/cm/cmtt8.pfb><c:/texlive/2019/texmf-dist/fonts/type1/public/doubl
estroke/dsrom10.pfb><c:/texlive/2019/texmf-dist/fonts/type1/public/amsfonts/sym
bols/msbm10.pfb><c:/texlive/2019/texmf-dist/fonts/type1/public/amsfonts/symbols
/msbm7.pfb><c:/texlive/2019/texmf-dist/fonts/type1/urw/zapfding/uzdr.pfb>
Output written on Fourier_MCMC-Preprint.pdf (13 pages, 1067155 bytes).
PDF statistics:
 345 PDF objects out of 1000 (max. 8388607)
 267 compressed objects within 3 object streams
 86 named destinations out of 1000 (max. 500000)
 206 words of extra memory for PDF output out of 10000 (max. 10000000)

