INFO: latexindent.exe version 3.7, 2019-07-13, a script to indent .tex files
      latexindent.exe lives here: C:/texlive/2019/bin/win32/
      Sun Mar 29 18:05:50 2020
      Filename: c:/Users/nakai/Daily/arXivDoc/arxiv.2003.01952/__latexindent_temp.tex
INFO: Processing switches:
      -y|--yaml: YAML settings specified via command line
      -c|--cruft: cruft directory
INFO: Directory for backup files and c:/Users/nakai/Daily/arXivDoc/arxiv.2003.01952/indent.log: c:/Users/nakai/Daily/arXivDoc/arxiv.2003.01952/
INFO: YAML settings read: defaultSettings.yaml
      Reading defaultSettings.yaml from C:/texlive/2019/bin/win32/defaultSettings.yaml
      Reading defaultSettings.yaml (2nd attempt, TeXLive, Windows) from C:/texlive/2019/bin/win32/../../texmf-dist/scripts/latexindent/defaultSettings.yaml
INFO: YAML settings read: indentconfig.yaml or .indentconfig.yaml
      Home directory is C:\Users\nakai (didn't find either indentconfig.yaml or .indentconfig.yaml)
      To specify user settings you would put indentconfig.yaml here: C:\Users\nakai/indentconfig.yaml
      Alternatively, you can use the hidden file .indentconfig.yaml as: C:\Users\nakai/.indentconfig.yaml
INFO: YAML settings read: -y switch
      Updating masterSettings with defaultIndent:     
FATAL: I couldn't find c:/Users/nakai/Daily/arXivDoc/arxiv.2003.01952/__latexindent_temp.tex, are you sure it exists?.
       No indentation done.
       Exiting.
